{"C:\\Users\\vinik\\OneDrive\\Área de Trabalho\\Node2\\src\\repositories\\in-memory-users-repository.ts": {"path":"C:\\Users\\vinik\\OneDrive\\Área de Trabalho\\Node2\\src\\repositories\\in-memory-users-repository.ts","statementMap":{"0":{"start":{"line":6,"column":27},"end":{"line":6,"column":null}},"1":{"start":{"line":9,"column":21},"end":{"line":9,"column":null}},"2":{"start":{"line":9,"column":47},"end":{"line":9,"column":67}},"3":{"start":{"line":11,"column":8},"end":{"line":11,"column":null}},"4":{"start":{"line":15,"column":27},"end":{"line":21,"column":null}},"5":{"start":{"line":23,"column":8},"end":{"line":23,"column":null}},"6":{"start":{"line":25,"column":8},"end":{"line":25,"column":null}}},"fnMap":{"0":{"name":"findByEmail","decl":{"start":{"line":8,"column":10},"end":{"line":8,"column":22}},"loc":{"start":{"line":8,"column":37},"end":{"line":12,"column":null}},"line":8},"1":{"name":"(anonymous_1)","decl":{"start":{"line":9,"column":32},"end":{"line":9,"column":38}},"loc":{"start":{"line":9,"column":47},"end":{"line":9,"column":67}},"line":9},"2":{"name":"create","decl":{"start":{"line":14,"column":10},"end":{"line":14,"column":17}},"loc":{"start":{"line":14,"column":47},"end":{"line":26,"column":null}},"line":14}},"branchMap":{"0":{"loc":{"start":{"line":11,"column":15},"end":{"line":11,"column":null}},"type":"binary-expr","locations":[{"start":{"line":11,"column":15},"end":{"line":11,"column":23}},{"start":{"line":11,"column":23},"end":{"line":11,"column":null}}],"line":11}},"s":{"0":0,"1":0,"2":0,"3":0,"4":0,"5":0,"6":0},"f":{"0":0,"1":0,"2":0},"b":{"0":[0,0]},"meta":{"lastBranch":1,"lastFunction":3,"lastStatement":7,"seen":{"s:6:27:6:Infinity":0,"f:8:10:8:22":0,"s:9:21:9:Infinity":1,"f:9:32:9:38":1,"s:9:47:9:67":2,"s:11:8:11:Infinity":3,"b:11:15:11:23:11:23:11:Infinity":0,"f:14:10:14:17":2,"s:15:27:21:Infinity":4,"s:23:8:23:Infinity":5,"s:25:8:25:Infinity":6},"fnNames":{}}}
,"C:\\Users\\vinik\\OneDrive\\Área de Trabalho\\Node2\\src\\use-cases\\register.ts": {"path":"C:\\Users\\vinik\\OneDrive\\Área de Trabalho\\Node2\\src\\use-cases\\register.ts","statementMap":{"0":{"start":{"line":17,"column":24},"end":{"line":17,"column":58}},"1":{"start":{"line":20,"column":30},"end":{"line":20,"column":null}},"2":{"start":{"line":22,"column":34},"end":{"line":22,"column":null}},"3":{"start":{"line":24,"column":8},"end":{"line":26,"column":null}},"4":{"start":{"line":25,"column":12},"end":{"line":25,"column":null}},"5":{"start":{"line":28,"column":21},"end":{"line":32,"column":null}},"6":{"start":{"line":34,"column":8},"end":{"line":36,"column":null}}},"fnMap":{"0":{"name":"constructor","decl":{"start":{"line":17,"column":4},"end":{"line":17,"column":16}},"loc":{"start":{"line":17,"column":58},"end":{"line":17,"column":null}},"line":17},"1":{"name":"execute","decl":{"start":{"line":19,"column":10},"end":{"line":19,"column":18}},"loc":{"start":{"line":19,"column":103},"end":{"line":37,"column":null}},"line":19}},"branchMap":{"0":{"loc":{"start":{"line":24,"column":8},"end":{"line":26,"column":null}},"type":"if","locations":[{"start":{"line":24,"column":8},"end":{"line":26,"column":null}},{"start":{},"end":{}}],"line":24}},"s":{"0":0,"1":0,"2":0,"3":0,"4":0,"5":0,"6":0},"f":{"0":0,"1":0},"b":{"0":[0,0]},"meta":{"lastBranch":1,"lastFunction":2,"lastStatement":7,"seen":{"f:17:4:17:16":0,"s:17:24:17:58":0,"f:19:10:19:18":1,"s:20:30:20:Infinity":1,"s:22:34:22:Infinity":2,"b:24:8:26:Infinity:undefined:undefined:undefined:undefined":0,"s:24:8:26:Infinity":3,"s:25:12:25:Infinity":4,"s:28:21:32:Infinity":5,"s:34:8:36:Infinity":6},"fnNames":{}}}
,"C:\\Users\\vinik\\OneDrive\\Área de Trabalho\\Node2\\src\\use-cases\\errors\\user-already-exist-error.ts": {"path":"C:\\Users\\vinik\\OneDrive\\Área de Trabalho\\Node2\\src\\use-cases\\errors\\user-already-exist-error.ts","statementMap":{"0":{"start":{"line":3,"column":8},"end":{"line":3,"column":null}}},"fnMap":{"0":{"name":"constructor","decl":{"start":{"line":2,"column":4},"end":{"line":2,"column":17}},"loc":{"start":{"line":2,"column":17},"end":{"line":4,"column":null}},"line":2}},"branchMap":{},"s":{"0":0},"f":{"0":0},"b":{},"meta":{"lastBranch":0,"lastFunction":1,"lastStatement":1,"seen":{"f:2:4:2:17":0,"s:3:8:3:Infinity":0},"fnNames":{}}}
}
